83533
1084242
1311031
1228246
982843
425274
1368166
1419406
967941
1242898
1223601
76600
19995
1195518
812583
533533
1234731
798645
1054867
1062722
1023922
2757
1218925
7451
575265
803796
269149
1180831
1246049
1234821
980477
24428
617126
1233413
1291608
1259102
1363123
1214931
911430
1061474
278
1116465
1087192
639988
157336
1422096
1010581
1197137
1038392
597
1248226
772
567748
346364
1078605
1327862
106
950387
1197306
552524
23527
120
1033148
402431
299536
10437
541671
507089
238
284536
8316
1007734
122917
671
68718
122
569094
574475
533535
121
47763
1100988
27205
385320
808
767
474350
1472638
1175942
1241982
1010756
385687
155
9759
411
950396
1022789
672
634649
10640
674
680
1119878
1242419
105
1156594
550
604079
1022787
1196573
11
8871
603
437583
571468
673
957119
496243
438631
845781
1456349
14320
1284120
10127
519182
718838
299534
372058
872585
129
1242011
11163
1130276
1257009
1151031
13
12445
546554
675
939243
1124566
1184918
12444
346698
31587
1128650
615453
1241983
562
1071585
198663
693134
22
840326
497
1084199
862
1252428
1294203
109445
1042834
361743
10681
502356
933260
338969
557
218
75656
91314
348
696506
1280450
601
1726
1011477
585
829557
661374
8966
1252309
38757
468210
21610
937941
436969
2062
296096
10192
360920
106646
269148
945961
1106289
14836
425
98
11010
9502
8587
1125257
150689
603692
807
335984
1376434
637649
99861
912649
1865
240
18
769
203101
1161617
10138
507244
76341
111
941109
11324
573435
762509
1011985
1328803
497698
4348
1241436
11929
177572
315635
18785
539972
272
475557
1156593
1097870
82702
354912
14160
280
578
11706
150540
216015
291805
324857
4935
285
1088166
49051
49026
519465
137
22164
156022
10191
986097
37165
786892
58
1241470
429617
749170
101
447365
1267319
936108
138843
170
12153
1495
228150
652
524047
8681
1382406
396535
414906
866398
315162
3933
564
756999
102382
1585
1230368
7485
670
1087891
290098
330457
1064213
469274
16869
424
131631
575264
87101
68721
135397
507086
210577
1097549
13494
333339
337404
953
12
453395
870028
568124
244786
17015
809
694
558449
648878
9714
1029575
640
85
429
297762
566525
748783
489
849
1147400
11036
293660
324544
11836
9806
103
118
508947
823219
854
667538
857
81188
679
609681
1724
744
281338
13785
114
242
10625
348893
889737
10020
1034541
350
1138194
1621
766507
46885
1426776
48650
271110
324786
940551
57158
863
62
283995
810
1220564
1151272
630
1155281
20352
2978
763215
1930
169
36557
260514
1069905
140607
2105
284052
39254
929590
629
209112
23483
73861
668489
1072790
4951
1290159
987032
484133
730647
753230
1022102
1333100
1130276
278
238
122019
529414
20227
1022256
553674
63513
18942
240
424
912826
1181678
389
612304
129
155
19404
497
1181107
496243
122
576712
680
372058
1232449
157336
768141
637663
13
359364
346
769
373558
938567
12477
1412113
664280
595723
637
641364
550
20575
14537
11216
120
598
667257
394269
539
377462
40096
772071
510
121
34530
696374
255709
324857
239459
311
283559
1891
1175306
1355666
4935
611291
378064
807
423
244786
27205
770156
1150394
1291559
553512
761053
76115
1058694
567
274
12493
569094
120301
73
620249
128
820067
105
3782
1184918
937337
24128
210769
45139
396194
207
372754
101
10494
15804
72720
1087771
652837
526429
1218925
914
1105832
644479
599
42269
3082
335
1139087
533514
1356039
1585
77338
92321
18491
1186532
667276
28
1063453
901
975
632632
8587
637920
164558
42733
572154
568300
10376
268854
654754
670
654299
447362
29259
630566
576017
504253
299534
603
299536
568332
803
508965
34528
490132
24188
527641
857
98
92060
25838
14002
265177
27031
25237
110420
37257
16869
1160164
42044
2405
740996
618344
995133
315162
30325
635302
1124
694
50014
16672
11324
11
354912
161803
441130
283566
284
290098
324786
313106
1134055
522924
68718
499028
620683
185
784500
77
5156
829402
245881
629
532753
476292
26451
348
537061
490
18148
20941
361743
1422
47916
752939
489
111
399106
81481
426
37165
803796
1480382
592350
10098
851644
289
517814
797
872
606856
571265
666
458220
184374
280
16275
9702
738362
693134
103
1212121
812225
475557
189215
1103621
74406
53210
935
20914
363103
297610
600
3780
1167027
422
31217
795607
500
810693
59990
575813
265297
483455
701387
39507
130150
1035259
986056
822119
823464
36592
152760
588228
760329
1126166
447277
615173
152601
62835
1357633
865
976573
615457
724089
1398
437103
406997
58496
531428
46738
996
525213
1275945
788647
100
19
45318
45189
791373
610892
146233
508442
398818
38288
31414
31347
600354
103663
614
583833
843
